{"D:\\Juan\\Tugas Kuliah\\Semester 7\\tugas\\Challenge 4\\src\\controllers\\accounts.js": {"path":"D:\\Juan\\Tugas Kuliah\\Semester 7\\tugas\\Challenge 4\\src\\controllers\\accounts.js","statementMap":{"0":{"start":{"line":3,"column":27},"end":{"line":3,"column":51}},"1":{"start":{"line":5,"column":33},"end":{"line":12,"column":1}},"2":{"start":{"line":6,"column":2},"end":{"line":11,"column":3}},"3":{"start":{"line":7,"column":23},"end":{"line":7,"column":75}},"4":{"start":{"line":8,"column":4},"end":{"line":8,"column":37}},"5":{"start":{"line":10,"column":4},"end":{"line":10,"column":16}},"6":{"start":{"line":14,"column":34},"end":{"line":21,"column":1}},"7":{"start":{"line":15,"column":2},"end":{"line":20,"column":3}},"8":{"start":{"line":16,"column":25},"end":{"line":16,"column":70}},"9":{"start":{"line":17,"column":4},"end":{"line":17,"column":39}},"10":{"start":{"line":19,"column":4},"end":{"line":19,"column":16}},"11":{"start":{"line":23,"column":34},"end":{"line":30,"column":1}},"12":{"start":{"line":24,"column":2},"end":{"line":29,"column":3}},"13":{"start":{"line":25,"column":24},"end":{"line":25,"column":82}},"14":{"start":{"line":26,"column":4},"end":{"line":26,"column":38}},"15":{"start":{"line":28,"column":4},"end":{"line":28,"column":16}},"16":{"start":{"line":32,"column":33},"end":{"line":39,"column":1}},"17":{"start":{"line":33,"column":2},"end":{"line":38,"column":3}},"18":{"start":{"line":34,"column":27},"end":{"line":34,"column":84}},"19":{"start":{"line":35,"column":4},"end":{"line":35,"column":41}},"20":{"start":{"line":37,"column":4},"end":{"line":37,"column":16}},"21":{"start":{"line":41,"column":36},"end":{"line":50,"column":1}},"22":{"start":{"line":42,"column":2},"end":{"line":49,"column":3}},"23":{"start":{"line":43,"column":22},"end":{"line":43,"column":35}},"24":{"start":{"line":44,"column":19},"end":{"line":44,"column":34}},"25":{"start":{"line":45,"column":27},"end":{"line":45,"column":84}},"26":{"start":{"line":46,"column":4},"end":{"line":46,"column":41}},"27":{"start":{"line":48,"column":4},"end":{"line":48,"column":16}},"28":{"start":{"line":52,"column":39},"end":{"line":61,"column":1}},"29":{"start":{"line":53,"column":2},"end":{"line":60,"column":3}},"30":{"start":{"line":54,"column":22},"end":{"line":54,"column":35}},"31":{"start":{"line":55,"column":19},"end":{"line":55,"column":34}},"32":{"start":{"line":56,"column":27},"end":{"line":56,"column":85}},"33":{"start":{"line":57,"column":4},"end":{"line":57,"column":41}},"34":{"start":{"line":59,"column":4},"end":{"line":59,"column":16}}},"fnMap":{"0":{"name":"(anonymous_0)","decl":{"start":{"line":5,"column":33},"end":{"line":5,"column":34}},"loc":{"start":{"line":5,"column":59},"end":{"line":12,"column":1}},"line":5},"1":{"name":"(anonymous_1)","decl":{"start":{"line":14,"column":34},"end":{"line":14,"column":35}},"loc":{"start":{"line":14,"column":60},"end":{"line":21,"column":1}},"line":14},"2":{"name":"(anonymous_2)","decl":{"start":{"line":23,"column":34},"end":{"line":23,"column":35}},"loc":{"start":{"line":23,"column":60},"end":{"line":30,"column":1}},"line":23},"3":{"name":"(anonymous_3)","decl":{"start":{"line":32,"column":33},"end":{"line":32,"column":34}},"loc":{"start":{"line":32,"column":59},"end":{"line":39,"column":1}},"line":32},"4":{"name":"(anonymous_4)","decl":{"start":{"line":41,"column":36},"end":{"line":41,"column":37}},"loc":{"start":{"line":41,"column":62},"end":{"line":50,"column":1}},"line":41},"5":{"name":"(anonymous_5)","decl":{"start":{"line":52,"column":39},"end":{"line":52,"column":40}},"loc":{"start":{"line":52,"column":65},"end":{"line":61,"column":1}},"line":52}},"branchMap":{},"s":{"0":1,"1":1,"2":2,"3":2,"4":1,"5":1,"6":1,"7":2,"8":2,"9":1,"10":1,"11":1,"12":2,"13":2,"14":1,"15":1,"16":1,"17":2,"18":2,"19":1,"20":1,"21":1,"22":2,"23":2,"24":2,"25":2,"26":1,"27":1,"28":1,"29":2,"30":2,"31":2,"32":2,"33":1,"34":1},"f":{"0":2,"1":2,"2":2,"3":2,"4":2,"5":2},"b":{},"_coverageSchema":"1a1c01bbd47fc00a2c39e90264f33305004495a9","hash":"93bc9262035cde0a0edec24a49750c7fe887a3fc"}
,"D:\\Juan\\Tugas Kuliah\\Semester 7\\tugas\\Challenge 4\\src\\controllers\\auth.js": {"path":"D:\\Juan\\Tugas Kuliah\\Semester 7\\tugas\\Challenge 4\\src\\controllers\\auth.js","statementMap":{"0":{"start":{"line":3,"column":20},"end":{"line":3,"column":37}},"1":{"start":{"line":5,"column":28},"end":{"line":12,"column":1}},"2":{"start":{"line":6,"column":2},"end":{"line":11,"column":3}},"3":{"start":{"line":7,"column":20},"end":{"line":7,"column":58}},"4":{"start":{"line":8,"column":4},"end":{"line":8,"column":34}},"5":{"start":{"line":10,"column":4},"end":{"line":10,"column":16}},"6":{"start":{"line":14,"column":25},"end":{"line":21,"column":1}},"7":{"start":{"line":15,"column":2},"end":{"line":20,"column":3}},"8":{"start":{"line":16,"column":26},"end":{"line":16,"column":63}},"9":{"start":{"line":17,"column":4},"end":{"line":17,"column":40}},"10":{"start":{"line":19,"column":4},"end":{"line":19,"column":16}}},"fnMap":{"0":{"name":"(anonymous_0)","decl":{"start":{"line":5,"column":28},"end":{"line":5,"column":29}},"loc":{"start":{"line":5,"column":54},"end":{"line":12,"column":1}},"line":5},"1":{"name":"(anonymous_1)","decl":{"start":{"line":14,"column":25},"end":{"line":14,"column":26}},"loc":{"start":{"line":14,"column":51},"end":{"line":21,"column":1}},"line":14}},"branchMap":{},"s":{"0":1,"1":1,"2":2,"3":2,"4":1,"5":1,"6":1,"7":2,"8":2,"9":1,"10":1},"f":{"0":2,"1":2},"b":{},"_coverageSchema":"1a1c01bbd47fc00a2c39e90264f33305004495a9","hash":"f3f4a9d809300667e4ec2e6e63aaed7e9dbbf763"}
,"D:\\Juan\\Tugas Kuliah\\Semester 7\\tugas\\Challenge 4\\src\\controllers\\transactions.js": {"path":"D:\\Juan\\Tugas Kuliah\\Semester 7\\tugas\\Challenge 4\\src\\controllers\\transactions.js","statementMap":{"0":{"start":{"line":3,"column":27},"end":{"line":3,"column":51}},"1":{"start":{"line":5,"column":33},"end":{"line":12,"column":1}},"2":{"start":{"line":6,"column":2},"end":{"line":11,"column":3}},"3":{"start":{"line":7,"column":27},"end":{"line":7,"column":79}},"4":{"start":{"line":8,"column":4},"end":{"line":8,"column":41}},"5":{"start":{"line":10,"column":4},"end":{"line":10,"column":16}},"6":{"start":{"line":14,"column":34},"end":{"line":21,"column":1}},"7":{"start":{"line":15,"column":2},"end":{"line":20,"column":3}},"8":{"start":{"line":16,"column":25},"end":{"line":16,"column":70}},"9":{"start":{"line":17,"column":4},"end":{"line":17,"column":39}},"10":{"start":{"line":19,"column":4},"end":{"line":19,"column":16}},"11":{"start":{"line":23,"column":34},"end":{"line":30,"column":1}},"12":{"start":{"line":24,"column":2},"end":{"line":29,"column":3}},"13":{"start":{"line":25,"column":24},"end":{"line":25,"column":82}},"14":{"start":{"line":26,"column":4},"end":{"line":26,"column":38}},"15":{"start":{"line":28,"column":4},"end":{"line":28,"column":16}}},"fnMap":{"0":{"name":"(anonymous_0)","decl":{"start":{"line":5,"column":33},"end":{"line":5,"column":34}},"loc":{"start":{"line":5,"column":59},"end":{"line":12,"column":1}},"line":5},"1":{"name":"(anonymous_1)","decl":{"start":{"line":14,"column":34},"end":{"line":14,"column":35}},"loc":{"start":{"line":14,"column":60},"end":{"line":21,"column":1}},"line":14},"2":{"name":"(anonymous_2)","decl":{"start":{"line":23,"column":34},"end":{"line":23,"column":35}},"loc":{"start":{"line":23,"column":60},"end":{"line":30,"column":1}},"line":23}},"branchMap":{},"s":{"0":1,"1":1,"2":2,"3":2,"4":1,"5":1,"6":1,"7":2,"8":2,"9":1,"10":1,"11":1,"12":2,"13":2,"14":1,"15":1},"f":{"0":2,"1":2,"2":2},"b":{},"_coverageSchema":"1a1c01bbd47fc00a2c39e90264f33305004495a9","hash":"785704cd54a6cc8e4022e0ef2a76aec163f98a59"}
,"D:\\Juan\\Tugas Kuliah\\Semester 7\\tugas\\Challenge 4\\src\\controllers\\users.js": {"path":"D:\\Juan\\Tugas Kuliah\\Semester 7\\tugas\\Challenge 4\\src\\controllers\\users.js","statementMap":{"0":{"start":{"line":3,"column":20},"end":{"line":3,"column":37}},"1":{"start":{"line":5,"column":27},"end":{"line":12,"column":1}},"2":{"start":{"line":6,"column":2},"end":{"line":11,"column":3}},"3":{"start":{"line":7,"column":18},"end":{"line":7,"column":49}},"4":{"start":{"line":8,"column":4},"end":{"line":8,"column":32}},"5":{"start":{"line":10,"column":4},"end":{"line":10,"column":16}},"6":{"start":{"line":14,"column":27},"end":{"line":21,"column":1}},"7":{"start":{"line":15,"column":2},"end":{"line":20,"column":3}},"8":{"start":{"line":16,"column":17},"end":{"line":16,"column":61}},"9":{"start":{"line":17,"column":4},"end":{"line":17,"column":31}},"10":{"start":{"line":19,"column":4},"end":{"line":19,"column":16}},"11":{"start":{"line":23,"column":26},"end":{"line":30,"column":1}},"12":{"start":{"line":24,"column":2},"end":{"line":29,"column":3}},"13":{"start":{"line":25,"column":24},"end":{"line":25,"column":77}},"14":{"start":{"line":26,"column":4},"end":{"line":26,"column":38}},"15":{"start":{"line":28,"column":4},"end":{"line":28,"column":16}},"16":{"start":{"line":32,"column":26},"end":{"line":39,"column":1}},"17":{"start":{"line":33,"column":2},"end":{"line":38,"column":3}},"18":{"start":{"line":34,"column":24},"end":{"line":34,"column":67}},"19":{"start":{"line":35,"column":4},"end":{"line":35,"column":38}},"20":{"start":{"line":37,"column":4},"end":{"line":37,"column":16}}},"fnMap":{"0":{"name":"(anonymous_0)","decl":{"start":{"line":5,"column":27},"end":{"line":5,"column":28}},"loc":{"start":{"line":5,"column":53},"end":{"line":12,"column":1}},"line":5},"1":{"name":"(anonymous_1)","decl":{"start":{"line":14,"column":27},"end":{"line":14,"column":28}},"loc":{"start":{"line":14,"column":53},"end":{"line":21,"column":1}},"line":14},"2":{"name":"(anonymous_2)","decl":{"start":{"line":23,"column":26},"end":{"line":23,"column":27}},"loc":{"start":{"line":23,"column":52},"end":{"line":30,"column":1}},"line":23},"3":{"name":"(anonymous_3)","decl":{"start":{"line":32,"column":26},"end":{"line":32,"column":27}},"loc":{"start":{"line":32,"column":52},"end":{"line":39,"column":1}},"line":32}},"branchMap":{},"s":{"0":1,"1":1,"2":2,"3":2,"4":1,"5":1,"6":1,"7":2,"8":2,"9":1,"10":1,"11":1,"12":2,"13":2,"14":1,"15":1,"16":1,"17":2,"18":2,"19":1,"20":1},"f":{"0":2,"1":2,"2":2,"3":2},"b":{},"_coverageSchema":"1a1c01bbd47fc00a2c39e90264f33305004495a9","hash":"f07b6ee5874674d5e885361d45dbc77d928c41e4"}
,"D:\\Juan\\Tugas Kuliah\\Semester 7\\tugas\\Challenge 4\\src\\middlewares\\auth.js": {"path":"D:\\Juan\\Tugas Kuliah\\Semester 7\\tugas\\Challenge 4\\src\\middlewares\\auth.js","statementMap":{"0":{"start":{"line":4,"column":20},"end":{"line":18,"column":1}},"1":{"start":{"line":5,"column":16},"end":{"line":5,"column":56}},"2":{"start":{"line":7,"column":2},"end":{"line":9,"column":3}},"3":{"start":{"line":8,"column":4},"end":{"line":8,"column":64}},"4":{"start":{"line":11,"column":2},"end":{"line":17,"column":3}},"5":{"start":{"line":12,"column":20},"end":{"line":12,"column":61}},"6":{"start":{"line":13,"column":4},"end":{"line":13,"column":23}},"7":{"start":{"line":14,"column":4},"end":{"line":14,"column":11}},"8":{"start":{"line":16,"column":4},"end":{"line":16,"column":59}}},"fnMap":{"0":{"name":"(anonymous_0)","decl":{"start":{"line":4,"column":20},"end":{"line":4,"column":21}},"loc":{"start":{"line":4,"column":40},"end":{"line":18,"column":1}},"line":4}},"branchMap":{"0":{"loc":{"start":{"line":7,"column":2},"end":{"line":9,"column":3}},"type":"if","locations":[{"start":{"line":7,"column":2},"end":{"line":9,"column":3}},{"start":{},"end":{}}],"line":7}},"s":{"0":1,"1":3,"2":3,"3":1,"4":2,"5":2,"6":1,"7":1,"8":1},"f":{"0":3},"b":{"0":[1,2]},"_coverageSchema":"1a1c01bbd47fc00a2c39e90264f33305004495a9","hash":"7c113f2e41b7813fccc691684400efdb966e0d99"}
,"D:\\Juan\\Tugas Kuliah\\Semester 7\\tugas\\Challenge 4\\src\\middlewares\\errorHandler.js": {"path":"D:\\Juan\\Tugas Kuliah\\Semester 7\\tugas\\Challenge 4\\src\\middlewares\\errorHandler.js","statementMap":{"0":{"start":{"line":3,"column":21},"end":{"line":9,"column":1}},"1":{"start":{"line":4,"column":2},"end":{"line":8,"column":3}},"2":{"start":{"line":5,"column":4},"end":{"line":5,"column":67}},"3":{"start":{"line":7,"column":4},"end":{"line":7,"column":68}}},"fnMap":{"0":{"name":"(anonymous_0)","decl":{"start":{"line":3,"column":21},"end":{"line":3,"column":22}},"loc":{"start":{"line":3,"column":46},"end":{"line":9,"column":1}},"line":3}},"branchMap":{"0":{"loc":{"start":{"line":4,"column":2},"end":{"line":8,"column":3}},"type":"if","locations":[{"start":{"line":4,"column":2},"end":{"line":8,"column":3}},{"start":{"line":6,"column":9},"end":{"line":8,"column":3}}],"line":4}},"s":{"0":1,"1":2,"2":1,"3":1},"f":{"0":2},"b":{"0":[1,1]},"_coverageSchema":"1a1c01bbd47fc00a2c39e90264f33305004495a9","hash":"05f57c6d0950c99841b90861c8f0683d3396a6e2"}
,"D:\\Juan\\Tugas Kuliah\\Semester 7\\tugas\\Challenge 4\\src\\middlewares\\validator.js": {"path":"D:\\Juan\\Tugas Kuliah\\Semester 7\\tugas\\Challenge 4\\src\\middlewares\\validator.js","statementMap":{"0":{"start":{"line":4,"column":19},"end":{"line":11,"column":2}},"1":{"start":{"line":13,"column":25},"end":{"line":17,"column":2}},"2":{"start":{"line":19,"column":20},"end":{"line":22,"column":2}},"3":{"start":{"line":24,"column":26},"end":{"line":29,"column":2}},"4":{"start":{"line":31,"column":26},"end":{"line":35,"column":2}},"5":{"start":{"line":37,"column":21},"end":{"line":39,"column":2}},"6":{"start":{"line":42,"column":29},"end":{"line":48,"column":1}},"7":{"start":{"line":43,"column":20},"end":{"line":43,"column":56}},"8":{"start":{"line":44,"column":2},"end":{"line":46,"column":3}},"9":{"start":{"line":45,"column":4},"end":{"line":45,"column":69}},"10":{"start":{"line":47,"column":2},"end":{"line":47,"column":9}},"11":{"start":{"line":50,"column":33},"end":{"line":56,"column":1}},"12":{"start":{"line":51,"column":20},"end":{"line":51,"column":56}},"13":{"start":{"line":52,"column":2},"end":{"line":54,"column":3}},"14":{"start":{"line":53,"column":4},"end":{"line":53,"column":69}},"15":{"start":{"line":55,"column":2},"end":{"line":55,"column":9}},"16":{"start":{"line":58,"column":28},"end":{"line":64,"column":1}},"17":{"start":{"line":59,"column":20},"end":{"line":59,"column":51}},"18":{"start":{"line":60,"column":2},"end":{"line":62,"column":3}},"19":{"start":{"line":61,"column":4},"end":{"line":61,"column":69}},"20":{"start":{"line":63,"column":2},"end":{"line":63,"column":9}},"21":{"start":{"line":66,"column":29},"end":{"line":72,"column":1}},"22":{"start":{"line":67,"column":20},"end":{"line":67,"column":49}},"23":{"start":{"line":68,"column":2},"end":{"line":70,"column":3}},"24":{"start":{"line":69,"column":4},"end":{"line":69,"column":69}},"25":{"start":{"line":71,"column":2},"end":{"line":71,"column":9}},"26":{"start":{"line":74,"column":28},"end":{"line":80,"column":1}},"27":{"start":{"line":75,"column":20},"end":{"line":75,"column":55}},"28":{"start":{"line":76,"column":2},"end":{"line":78,"column":3}},"29":{"start":{"line":77,"column":4},"end":{"line":77,"column":69}},"30":{"start":{"line":79,"column":2},"end":{"line":79,"column":9}},"31":{"start":{"line":82,"column":22},"end":{"line":88,"column":1}},"32":{"start":{"line":83,"column":20},"end":{"line":83,"column":50}},"33":{"start":{"line":84,"column":2},"end":{"line":86,"column":3}},"34":{"start":{"line":85,"column":4},"end":{"line":85,"column":69}},"35":{"start":{"line":87,"column":2},"end":{"line":87,"column":9}}},"fnMap":{"0":{"name":"(anonymous_0)","decl":{"start":{"line":42,"column":29},"end":{"line":42,"column":30}},"loc":{"start":{"line":42,"column":49},"end":{"line":48,"column":1}},"line":42},"1":{"name":"(anonymous_1)","decl":{"start":{"line":50,"column":33},"end":{"line":50,"column":34}},"loc":{"start":{"line":50,"column":53},"end":{"line":56,"column":1}},"line":50},"2":{"name":"(anonymous_2)","decl":{"start":{"line":58,"column":28},"end":{"line":58,"column":29}},"loc":{"start":{"line":58,"column":48},"end":{"line":64,"column":1}},"line":58},"3":{"name":"(anonymous_3)","decl":{"start":{"line":66,"column":29},"end":{"line":66,"column":30}},"loc":{"start":{"line":66,"column":49},"end":{"line":72,"column":1}},"line":66},"4":{"name":"(anonymous_4)","decl":{"start":{"line":74,"column":28},"end":{"line":74,"column":29}},"loc":{"start":{"line":74,"column":48},"end":{"line":80,"column":1}},"line":74},"5":{"name":"(anonymous_5)","decl":{"start":{"line":82,"column":22},"end":{"line":82,"column":23}},"loc":{"start":{"line":82,"column":42},"end":{"line":88,"column":1}},"line":82}},"branchMap":{"0":{"loc":{"start":{"line":44,"column":2},"end":{"line":46,"column":3}},"type":"if","locations":[{"start":{"line":44,"column":2},"end":{"line":46,"column":3}},{"start":{},"end":{}}],"line":44},"1":{"loc":{"start":{"line":52,"column":2},"end":{"line":54,"column":3}},"type":"if","locations":[{"start":{"line":52,"column":2},"end":{"line":54,"column":3}},{"start":{},"end":{}}],"line":52},"2":{"loc":{"start":{"line":60,"column":2},"end":{"line":62,"column":3}},"type":"if","locations":[{"start":{"line":60,"column":2},"end":{"line":62,"column":3}},{"start":{},"end":{}}],"line":60},"3":{"loc":{"start":{"line":68,"column":2},"end":{"line":70,"column":3}},"type":"if","locations":[{"start":{"line":68,"column":2},"end":{"line":70,"column":3}},{"start":{},"end":{}}],"line":68},"4":{"loc":{"start":{"line":76,"column":2},"end":{"line":78,"column":3}},"type":"if","locations":[{"start":{"line":76,"column":2},"end":{"line":78,"column":3}},{"start":{},"end":{}}],"line":76},"5":{"loc":{"start":{"line":84,"column":2},"end":{"line":86,"column":3}},"type":"if","locations":[{"start":{"line":84,"column":2},"end":{"line":86,"column":3}},{"start":{},"end":{}}],"line":84}},"s":{"0":1,"1":1,"2":1,"3":1,"4":1,"5":1,"6":1,"7":2,"8":2,"9":1,"10":1,"11":1,"12":2,"13":2,"14":1,"15":1,"16":1,"17":2,"18":2,"19":1,"20":1,"21":1,"22":2,"23":2,"24":1,"25":1,"26":1,"27":2,"28":2,"29":1,"30":1,"31":1,"32":2,"33":2,"34":1,"35":1},"f":{"0":2,"1":2,"2":2,"3":2,"4":2,"5":2},"b":{"0":[1,1],"1":[1,1],"2":[1,1],"3":[1,1],"4":[1,1],"5":[1,1]},"_coverageSchema":"1a1c01bbd47fc00a2c39e90264f33305004495a9","hash":"cc96883f1303c5518ce48e00c31665802eb64609"}
,"D:\\Juan\\Tugas Kuliah\\Semester 7\\tugas\\Challenge 4\\src\\services\\accounts.js": {"path":"D:\\Juan\\Tugas Kuliah\\Semester 7\\tugas\\Challenge 4\\src\\services\\accounts.js","statementMap":{"0":{"start":{"line":6,"column":4},"end":{"line":6,"column":25}},"1":{"start":{"line":11,"column":4},"end":{"line":27,"column":5}},"2":{"start":{"line":12,"column":63},"end":{"line":12,"column":70}},"3":{"start":{"line":14,"column":25},"end":{"line":21,"column":8}},"4":{"start":{"line":23,"column":6},"end":{"line":23,"column":24}},"5":{"start":{"line":25,"column":6},"end":{"line":25,"column":59}},"6":{"start":{"line":26,"column":6},"end":{"line":26,"column":18}},"7":{"start":{"line":32,"column":4},"end":{"line":52,"column":5}},"8":{"start":{"line":33,"column":36},"end":{"line":33,"column":43}},"9":{"start":{"line":35,"column":22},"end":{"line":37,"column":8}},"10":{"start":{"line":39,"column":6},"end":{"line":41,"column":7}},"11":{"start":{"line":40,"column":8},"end":{"line":40,"column":53}},"12":{"start":{"line":43,"column":29},"end":{"line":46,"column":8}},"13":{"start":{"line":48,"column":6},"end":{"line":48,"column":28}},"14":{"start":{"line":50,"column":6},"end":{"line":50,"column":55}},"15":{"start":{"line":51,"column":6},"end":{"line":51,"column":18}},"16":{"start":{"line":57,"column":4},"end":{"line":81,"column":5}},"17":{"start":{"line":58,"column":36},"end":{"line":58,"column":43}},"18":{"start":{"line":60,"column":22},"end":{"line":62,"column":8}},"19":{"start":{"line":64,"column":6},"end":{"line":66,"column":7}},"20":{"start":{"line":65,"column":8},"end":{"line":65,"column":53}},"21":{"start":{"line":68,"column":6},"end":{"line":70,"column":7}},"22":{"start":{"line":69,"column":8},"end":{"line":69,"column":56}},"23":{"start":{"line":72,"column":29},"end":{"line":75,"column":8}},"24":{"start":{"line":77,"column":6},"end":{"line":77,"column":28}},"25":{"start":{"line":79,"column":6},"end":{"line":79,"column":56}},"26":{"start":{"line":80,"column":6},"end":{"line":80,"column":18}},"27":{"start":{"line":86,"column":4},"end":{"line":92,"column":5}},"28":{"start":{"line":87,"column":27},"end":{"line":87,"column":68}},"29":{"start":{"line":88,"column":6},"end":{"line":88,"column":26}},"30":{"start":{"line":90,"column":6},"end":{"line":90,"column":60}},"31":{"start":{"line":91,"column":6},"end":{"line":91,"column":18}},"32":{"start":{"line":97,"column":4},"end":{"line":109,"column":5}},"33":{"start":{"line":98,"column":26},"end":{"line":101,"column":8}},"34":{"start":{"line":102,"column":6},"end":{"line":104,"column":7}},"35":{"start":{"line":103,"column":8},"end":{"line":103,"column":58}},"36":{"start":{"line":105,"column":6},"end":{"line":105,"column":25}},"37":{"start":{"line":107,"column":6},"end":{"line":107,"column":59}},"38":{"start":{"line":108,"column":6},"end":{"line":108,"column":18}},"39":{"start":{"line":114,"column":4},"end":{"line":129,"column":5}},"40":{"start":{"line":115,"column":26},"end":{"line":117,"column":8}},"41":{"start":{"line":118,"column":6},"end":{"line":120,"column":7}},"42":{"start":{"line":119,"column":8},"end":{"line":119,"column":58}},"43":{"start":{"line":122,"column":6},"end":{"line":124,"column":9}},"44":{"start":{"line":125,"column":6},"end":{"line":125,"column":76}},"45":{"start":{"line":127,"column":6},"end":{"line":127,"column":59}},"46":{"start":{"line":128,"column":6},"end":{"line":128,"column":18}}},"fnMap":{"0":{"name":"(anonymous_0)","decl":{"start":{"line":5,"column":2},"end":{"line":5,"column":3}},"loc":{"start":{"line":5,"column":16},"end":{"line":7,"column":3}},"line":5},"1":{"name":"(anonymous_1)","decl":{"start":{"line":10,"column":2},"end":{"line":10,"column":3}},"loc":{"start":{"line":10,"column":35},"end":{"line":28,"column":3}},"line":10},"2":{"name":"(anonymous_2)","decl":{"start":{"line":31,"column":2},"end":{"line":31,"column":3}},"loc":{"start":{"line":31,"column":31},"end":{"line":53,"column":3}},"line":31},"3":{"name":"(anonymous_3)","decl":{"start":{"line":56,"column":2},"end":{"line":56,"column":3}},"loc":{"start":{"line":56,"column":32},"end":{"line":82,"column":3}},"line":56},"4":{"name":"(anonymous_4)","decl":{"start":{"line":85,"column":2},"end":{"line":85,"column":3}},"loc":{"start":{"line":85,"column":29},"end":{"line":93,"column":3}},"line":85},"5":{"name":"(anonymous_5)","decl":{"start":{"line":96,"column":2},"end":{"line":96,"column":3}},"loc":{"start":{"line":96,"column":31},"end":{"line":110,"column":3}},"line":96},"6":{"name":"(anonymous_6)","decl":{"start":{"line":113,"column":2},"end":{"line":113,"column":3}},"loc":{"start":{"line":113,"column":30},"end":{"line":130,"column":3}},"line":113}},"branchMap":{"0":{"loc":{"start":{"line":39,"column":6},"end":{"line":41,"column":7}},"type":"if","locations":[{"start":{"line":39,"column":6},"end":{"line":41,"column":7}},{"start":{},"end":{}}],"line":39},"1":{"loc":{"start":{"line":64,"column":6},"end":{"line":66,"column":7}},"type":"if","locations":[{"start":{"line":64,"column":6},"end":{"line":66,"column":7}},{"start":{},"end":{}}],"line":64},"2":{"loc":{"start":{"line":68,"column":6},"end":{"line":70,"column":7}},"type":"if","locations":[{"start":{"line":68,"column":6},"end":{"line":70,"column":7}},{"start":{},"end":{}}],"line":68},"3":{"loc":{"start":{"line":102,"column":6},"end":{"line":104,"column":7}},"type":"if","locations":[{"start":{"line":102,"column":6},"end":{"line":104,"column":7}},{"start":{},"end":{}}],"line":102},"4":{"loc":{"start":{"line":118,"column":6},"end":{"line":120,"column":7}},"type":"if","locations":[{"start":{"line":118,"column":6},"end":{"line":120,"column":7}},{"start":{},"end":{}}],"line":118}},"s":{"0":13,"1":2,"2":2,"3":2,"4":1,"5":1,"6":1,"7":3,"8":3,"9":3,"10":3,"11":2,"12":1,"13":1,"14":2,"15":2,"16":5,"17":5,"18":5,"19":5,"20":2,"21":3,"22":2,"23":1,"24":1,"25":4,"26":4,"27":2,"28":2,"29":1,"30":1,"31":1,"32":3,"33":3,"34":3,"35":2,"36":1,"37":2,"38":2,"39":3,"40":3,"41":3,"42":2,"43":1,"44":1,"45":2,"46":2},"f":{"0":13,"1":2,"2":3,"3":5,"4":2,"5":3,"6":3},"b":{"0":[2,1],"1":[2,3],"2":[2,1],"3":[2,1],"4":[2,1]},"_coverageSchema":"1a1c01bbd47fc00a2c39e90264f33305004495a9","hash":"17c90d9c009d52fd2f5be878afcbf9cfc724412b"}
,"D:\\Juan\\Tugas Kuliah\\Semester 7\\tugas\\Challenge 4\\src\\services\\auth.js": {"path":"D:\\Juan\\Tugas Kuliah\\Semester 7\\tugas\\Challenge 4\\src\\services\\auth.js","statementMap":{"0":{"start":{"line":8,"column":4},"end":{"line":8,"column":25}},"1":{"start":{"line":13,"column":4},"end":{"line":34,"column":5}},"2":{"start":{"line":14,"column":34},"end":{"line":14,"column":41}},"3":{"start":{"line":16,"column":19},"end":{"line":18,"column":8}},"4":{"start":{"line":20,"column":6},"end":{"line":22,"column":7}},"5":{"start":{"line":21,"column":8},"end":{"line":21,"column":61}},"6":{"start":{"line":24,"column":20},"end":{"line":28,"column":7}},"7":{"start":{"line":30,"column":6},"end":{"line":30,"column":29}},"8":{"start":{"line":32,"column":6},"end":{"line":32,"column":53}},"9":{"start":{"line":33,"column":6},"end":{"line":33,"column":18}},"10":{"start":{"line":39,"column":4},"end":{"line":67,"column":5}},"11":{"start":{"line":41,"column":8},"end":{"line":41,"column":15}},"12":{"start":{"line":43,"column":29},"end":{"line":43,"column":60}},"13":{"start":{"line":45,"column":22},"end":{"line":61,"column":8}},"14":{"start":{"line":63,"column":6},"end":{"line":63,"column":21}},"15":{"start":{"line":65,"column":6},"end":{"line":65,"column":51}},"16":{"start":{"line":66,"column":6},"end":{"line":66,"column":18}}},"fnMap":{"0":{"name":"(anonymous_0)","decl":{"start":{"line":7,"column":2},"end":{"line":7,"column":3}},"loc":{"start":{"line":7,"column":16},"end":{"line":9,"column":3}},"line":7},"1":{"name":"(anonymous_1)","decl":{"start":{"line":12,"column":2},"end":{"line":12,"column":3}},"loc":{"start":{"line":12,"column":27},"end":{"line":35,"column":3}},"line":12},"2":{"name":"(anonymous_2)","decl":{"start":{"line":38,"column":2},"end":{"line":38,"column":3}},"loc":{"start":{"line":38,"column":28},"end":{"line":68,"column":3}},"line":38}},"branchMap":{"0":{"loc":{"start":{"line":20,"column":6},"end":{"line":22,"column":7}},"type":"if","locations":[{"start":{"line":20,"column":6},"end":{"line":22,"column":7}},{"start":{},"end":{}}],"line":20},"1":{"loc":{"start":{"line":20,"column":10},"end":{"line":20,"column":67}},"type":"binary-expr","locations":[{"start":{"line":20,"column":10},"end":{"line":20,"column":15}},{"start":{"line":20,"column":19},"end":{"line":20,"column":67}}],"line":20}},"s":{"0":5,"1":5,"2":5,"3":5,"4":5,"5":4,"6":1,"7":1,"8":4,"9":4,"10":2,"11":2,"12":2,"13":2,"14":1,"15":1,"16":1},"f":{"0":5,"1":5,"2":2},"b":{"0":[4,1],"1":[5,3]},"_coverageSchema":"1a1c01bbd47fc00a2c39e90264f33305004495a9","hash":"4c7b09d11c537b97aa326c44af0d24a41d2d9279"}
,"D:\\Juan\\Tugas Kuliah\\Semester 7\\tugas\\Challenge 4\\src\\services\\transactions.js": {"path":"D:\\Juan\\Tugas Kuliah\\Semester 7\\tugas\\Challenge 4\\src\\services\\transactions.js","statementMap":{"0":{"start":{"line":6,"column":4},"end":{"line":6,"column":25}},"1":{"start":{"line":11,"column":4},"end":{"line":57,"column":5}},"2":{"start":{"line":12,"column":50},"end":{"line":12,"column":57}},"3":{"start":{"line":14,"column":28},"end":{"line":16,"column":8}},"4":{"start":{"line":17,"column":33},"end":{"line":19,"column":8}},"5":{"start":{"line":22,"column":6},"end":{"line":24,"column":7}},"6":{"start":{"line":23,"column":8},"end":{"line":23,"column":81}},"7":{"start":{"line":27,"column":6},"end":{"line":29,"column":7}},"8":{"start":{"line":28,"column":8},"end":{"line":28,"column":79}},"9":{"start":{"line":31,"column":21},"end":{"line":51,"column":8}},"10":{"start":{"line":32,"column":31},"end":{"line":38,"column":10}},"11":{"start":{"line":40,"column":8},"end":{"line":43,"column":11}},"12":{"start":{"line":45,"column":8},"end":{"line":48,"column":11}},"13":{"start":{"line":50,"column":8},"end":{"line":50,"column":30}},"14":{"start":{"line":53,"column":6},"end":{"line":53,"column":20}},"15":{"start":{"line":55,"column":6},"end":{"line":55,"column":58}},"16":{"start":{"line":56,"column":6},"end":{"line":56,"column":18}},"17":{"start":{"line":62,"column":4},"end":{"line":68,"column":5}},"18":{"start":{"line":63,"column":27},"end":{"line":63,"column":67}},"19":{"start":{"line":64,"column":6},"end":{"line":64,"column":26}},"20":{"start":{"line":66,"column":6},"end":{"line":66,"column":59}},"21":{"start":{"line":67,"column":6},"end":{"line":67,"column":18}},"22":{"start":{"line":73,"column":4},"end":{"line":88,"column":5}},"23":{"start":{"line":74,"column":26},"end":{"line":80,"column":8}},"24":{"start":{"line":81,"column":6},"end":{"line":83,"column":7}},"25":{"start":{"line":82,"column":8},"end":{"line":82,"column":57}},"26":{"start":{"line":84,"column":6},"end":{"line":84,"column":25}},"27":{"start":{"line":86,"column":6},"end":{"line":86,"column":58}},"28":{"start":{"line":87,"column":6},"end":{"line":87,"column":18}}},"fnMap":{"0":{"name":"(anonymous_0)","decl":{"start":{"line":5,"column":2},"end":{"line":5,"column":3}},"loc":{"start":{"line":5,"column":16},"end":{"line":7,"column":3}},"line":5},"1":{"name":"(anonymous_1)","decl":{"start":{"line":10,"column":2},"end":{"line":10,"column":3}},"loc":{"start":{"line":10,"column":35},"end":{"line":58,"column":3}},"line":10},"2":{"name":"(anonymous_2)","decl":{"start":{"line":31,"column":52},"end":{"line":31,"column":53}},"loc":{"start":{"line":31,"column":70},"end":{"line":51,"column":7}},"line":31},"3":{"name":"(anonymous_3)","decl":{"start":{"line":61,"column":2},"end":{"line":61,"column":3}},"loc":{"start":{"line":61,"column":29},"end":{"line":69,"column":3}},"line":61},"4":{"name":"(anonymous_4)","decl":{"start":{"line":72,"column":2},"end":{"line":72,"column":3}},"loc":{"start":{"line":72,"column":31},"end":{"line":89,"column":3}},"line":72}},"branchMap":{"0":{"loc":{"start":{"line":22,"column":6},"end":{"line":24,"column":7}},"type":"if","locations":[{"start":{"line":22,"column":6},"end":{"line":24,"column":7}},{"start":{},"end":{}}],"line":22},"1":{"loc":{"start":{"line":22,"column":10},"end":{"line":22,"column":47}},"type":"binary-expr","locations":[{"start":{"line":22,"column":10},"end":{"line":22,"column":24}},{"start":{"line":22,"column":28},"end":{"line":22,"column":47}}],"line":22},"2":{"loc":{"start":{"line":27,"column":6},"end":{"line":29,"column":7}},"type":"if","locations":[{"start":{"line":27,"column":6},"end":{"line":29,"column":7}},{"start":{},"end":{}}],"line":27},"3":{"loc":{"start":{"line":81,"column":6},"end":{"line":83,"column":7}},"type":"if","locations":[{"start":{"line":81,"column":6},"end":{"line":83,"column":7}},{"start":{},"end":{}}],"line":81}},"s":{"0":7,"1":4,"2":4,"3":4,"4":4,"5":4,"6":2,"7":2,"8":1,"9":1,"10":1,"11":1,"12":1,"13":1,"14":1,"15":3,"16":3,"17":2,"18":2,"19":1,"20":1,"21":1,"22":3,"23":3,"24":3,"25":2,"26":1,"27":2,"28":2},"f":{"0":7,"1":4,"2":1,"3":2,"4":3},"b":{"0":[2,2],"1":[4,2],"2":[1,1],"3":[2,1]},"_coverageSchema":"1a1c01bbd47fc00a2c39e90264f33305004495a9","hash":"4ecb5f6fb520c49d74e5d7166fd5942c2e6c9794"}
,"D:\\Juan\\Tugas Kuliah\\Semester 7\\tugas\\Challenge 4\\src\\services\\users.js": {"path":"D:\\Juan\\Tugas Kuliah\\Semester 7\\tugas\\Challenge 4\\src\\services\\users.js","statementMap":{"0":{"start":{"line":6,"column":4},"end":{"line":6,"column":25}},"1":{"start":{"line":11,"column":4},"end":{"line":21,"column":5}},"2":{"start":{"line":12,"column":20},"end":{"line":16,"column":8}},"3":{"start":{"line":17,"column":6},"end":{"line":17,"column":19}},"4":{"start":{"line":19,"column":6},"end":{"line":19,"column":52}},"5":{"start":{"line":20,"column":6},"end":{"line":20,"column":18}},"6":{"start":{"line":26,"column":4},"end":{"line":42,"column":5}},"7":{"start":{"line":27,"column":19},"end":{"line":32,"column":8}},"8":{"start":{"line":34,"column":6},"end":{"line":36,"column":7}},"9":{"start":{"line":35,"column":8},"end":{"line":35,"column":50}},"10":{"start":{"line":38,"column":6},"end":{"line":38,"column":18}},"11":{"start":{"line":40,"column":6},"end":{"line":40,"column":51}},"12":{"start":{"line":41,"column":6},"end":{"line":41,"column":18}},"13":{"start":{"line":47,"column":4},"end":{"line":78,"column":5}},"14":{"start":{"line":48,"column":39},"end":{"line":48,"column":46}},"15":{"start":{"line":50,"column":19},"end":{"line":52,"column":8}},"16":{"start":{"line":54,"column":6},"end":{"line":56,"column":7}},"17":{"start":{"line":55,"column":8},"end":{"line":55,"column":50}},"18":{"start":{"line":58,"column":26},"end":{"line":72,"column":8}},"19":{"start":{"line":74,"column":6},"end":{"line":74,"column":25}},"20":{"start":{"line":76,"column":6},"end":{"line":76,"column":51}},"21":{"start":{"line":77,"column":6},"end":{"line":77,"column":18}},"22":{"start":{"line":83,"column":4},"end":{"line":100,"column":5}},"23":{"start":{"line":84,"column":19},"end":{"line":86,"column":8}},"24":{"start":{"line":88,"column":6},"end":{"line":90,"column":7}},"25":{"start":{"line":89,"column":8},"end":{"line":89,"column":50}},"26":{"start":{"line":92,"column":6},"end":{"line":94,"column":9}},"27":{"start":{"line":96,"column":6},"end":{"line":96,"column":68}},"28":{"start":{"line":98,"column":6},"end":{"line":98,"column":51}},"29":{"start":{"line":99,"column":6},"end":{"line":99,"column":18}}},"fnMap":{"0":{"name":"(anonymous_0)","decl":{"start":{"line":5,"column":2},"end":{"line":5,"column":3}},"loc":{"start":{"line":5,"column":16},"end":{"line":7,"column":3}},"line":5},"1":{"name":"(anonymous_1)","decl":{"start":{"line":10,"column":2},"end":{"line":10,"column":3}},"loc":{"start":{"line":10,"column":22},"end":{"line":22,"column":3}},"line":10},"2":{"name":"(anonymous_2)","decl":{"start":{"line":25,"column":2},"end":{"line":25,"column":3}},"loc":{"start":{"line":25,"column":24},"end":{"line":43,"column":3}},"line":25},"3":{"name":"(anonymous_3)","decl":{"start":{"line":46,"column":2},"end":{"line":46,"column":3}},"loc":{"start":{"line":46,"column":32},"end":{"line":79,"column":3}},"line":46},"4":{"name":"(anonymous_4)","decl":{"start":{"line":82,"column":2},"end":{"line":82,"column":3}},"loc":{"start":{"line":82,"column":23},"end":{"line":101,"column":3}},"line":82}},"branchMap":{"0":{"loc":{"start":{"line":34,"column":6},"end":{"line":36,"column":7}},"type":"if","locations":[{"start":{"line":34,"column":6},"end":{"line":36,"column":7}},{"start":{},"end":{}}],"line":34},"1":{"loc":{"start":{"line":54,"column":6},"end":{"line":56,"column":7}},"type":"if","locations":[{"start":{"line":54,"column":6},"end":{"line":56,"column":7}},{"start":{},"end":{}}],"line":54},"2":{"loc":{"start":{"line":88,"column":6},"end":{"line":90,"column":7}},"type":"if","locations":[{"start":{"line":88,"column":6},"end":{"line":90,"column":7}},{"start":{},"end":{}}],"line":88}},"s":{"0":8,"1":2,"2":2,"3":1,"4":1,"5":1,"6":2,"7":2,"8":2,"9":1,"10":1,"11":1,"12":1,"13":2,"14":2,"15":2,"16":2,"17":1,"18":1,"19":1,"20":1,"21":1,"22":2,"23":2,"24":2,"25":1,"26":1,"27":1,"28":1,"29":1},"f":{"0":8,"1":2,"2":2,"3":2,"4":2},"b":{"0":[1,1],"1":[1,1],"2":[1,1]},"_coverageSchema":"1a1c01bbd47fc00a2c39e90264f33305004495a9","hash":"cfde7a4947d885e73297dc62e2cb441eac7848f9"}
,"D:\\Juan\\Tugas Kuliah\\Semester 7\\tugas\\Challenge 4\\src\\utils\\AppError.js": {"path":"D:\\Juan\\Tugas Kuliah\\Semester 7\\tugas\\Challenge 4\\src\\utils\\AppError.js","statementMap":{"0":{"start":{"line":3,"column":8},"end":{"line":3,"column":23}},"1":{"start":{"line":4,"column":8},"end":{"line":4,"column":37}}},"fnMap":{"0":{"name":"(anonymous_0)","decl":{"start":{"line":2,"column":4},"end":{"line":2,"column":5}},"loc":{"start":{"line":2,"column":37},"end":{"line":5,"column":5}},"line":2}},"branchMap":{},"s":{"0":24,"1":24},"f":{"0":24},"b":{},"_coverageSchema":"1a1c01bbd47fc00a2c39e90264f33305004495a9","hash":"f8e3d4d4209215bd99cc4592355639101a86ab5a"}
}
