TN:
SF:src\controllers\accounts.js
FN:5,(anonymous_0)
FN:14,(anonymous_1)
FN:23,(anonymous_2)
FN:32,(anonymous_3)
FN:41,(anonymous_4)
FN:52,(anonymous_5)
FNF:6
FNH:6
FNDA:2,(anonymous_0)
FNDA:2,(anonymous_1)
FNDA:2,(anonymous_2)
FNDA:2,(anonymous_3)
FNDA:2,(anonymous_4)
FNDA:2,(anonymous_5)
DA:3,1
DA:5,1
DA:6,2
DA:7,2
DA:8,1
DA:10,1
DA:14,1
DA:15,2
DA:16,2
DA:17,1
DA:19,1
DA:23,1
DA:24,2
DA:25,2
DA:26,1
DA:28,1
DA:32,1
DA:33,2
DA:34,2
DA:35,1
DA:37,1
DA:41,1
DA:42,2
DA:43,2
DA:44,2
DA:45,2
DA:46,1
DA:48,1
DA:52,1
DA:53,2
DA:54,2
DA:55,2
DA:56,2
DA:57,1
DA:59,1
LF:35
LH:35
BRF:0
BRH:0
end_of_record
TN:
SF:src\controllers\auth.js
FN:5,(anonymous_0)
FN:14,(anonymous_1)
FNF:2
FNH:2
FNDA:2,(anonymous_0)
FNDA:2,(anonymous_1)
DA:3,1
DA:5,1
DA:6,2
DA:7,2
DA:8,1
DA:10,1
DA:14,1
DA:15,2
DA:16,2
DA:17,1
DA:19,1
LF:11
LH:11
BRF:0
BRH:0
end_of_record
TN:
SF:src\controllers\transactions.js
FN:5,(anonymous_0)
FN:14,(anonymous_1)
FN:23,(anonymous_2)
FNF:3
FNH:3
FNDA:2,(anonymous_0)
FNDA:2,(anonymous_1)
FNDA:2,(anonymous_2)
DA:3,1
DA:5,1
DA:6,2
DA:7,2
DA:8,1
DA:10,1
DA:14,1
DA:15,2
DA:16,2
DA:17,1
DA:19,1
DA:23,1
DA:24,2
DA:25,2
DA:26,1
DA:28,1
LF:16
LH:16
BRF:0
BRH:0
end_of_record
TN:
SF:src\controllers\users.js
FN:5,(anonymous_0)
FN:14,(anonymous_1)
FN:23,(anonymous_2)
FN:32,(anonymous_3)
FNF:4
FNH:4
FNDA:2,(anonymous_0)
FNDA:2,(anonymous_1)
FNDA:2,(anonymous_2)
FNDA:2,(anonymous_3)
DA:3,1
DA:5,1
DA:6,2
DA:7,2
DA:8,1
DA:10,1
DA:14,1
DA:15,2
DA:16,2
DA:17,1
DA:19,1
DA:23,1
DA:24,2
DA:25,2
DA:26,1
DA:28,1
DA:32,1
DA:33,2
DA:34,2
DA:35,1
DA:37,1
LF:21
LH:21
BRF:0
BRH:0
end_of_record
TN:
SF:src\middlewares\auth.js
FN:4,(anonymous_0)
FNF:1
FNH:1
FNDA:3,(anonymous_0)
DA:4,1
DA:5,3
DA:7,3
DA:8,1
DA:11,2
DA:12,2
DA:13,1
DA:14,1
DA:16,1
LF:9
LH:9
BRDA:7,0,0,1
BRDA:7,0,1,2
BRF:2
BRH:2
end_of_record
TN:
SF:src\middlewares\errorHandler.js
FN:3,(anonymous_0)
FNF:1
FNH:1
FNDA:2,(anonymous_0)
DA:3,1
DA:4,2
DA:5,1
DA:7,1
LF:4
LH:4
BRDA:4,0,0,1
BRDA:4,0,1,1
BRF:2
BRH:2
end_of_record
TN:
SF:src\middlewares\validator.js
FN:42,(anonymous_0)
FN:50,(anonymous_1)
FN:58,(anonymous_2)
FN:66,(anonymous_3)
FN:74,(anonymous_4)
FN:82,(anonymous_5)
FNF:6
FNH:6
FNDA:2,(anonymous_0)
FNDA:2,(anonymous_1)
FNDA:2,(anonymous_2)
FNDA:2,(anonymous_3)
FNDA:2,(anonymous_4)
FNDA:2,(anonymous_5)
DA:4,1
DA:13,1
DA:19,1
DA:24,1
DA:31,1
DA:37,1
DA:42,1
DA:43,2
DA:44,2
DA:45,1
DA:47,1
DA:50,1
DA:51,2
DA:52,2
DA:53,1
DA:55,1
DA:58,1
DA:59,2
DA:60,2
DA:61,1
DA:63,1
DA:66,1
DA:67,2
DA:68,2
DA:69,1
DA:71,1
DA:74,1
DA:75,2
DA:76,2
DA:77,1
DA:79,1
DA:82,1
DA:83,2
DA:84,2
DA:85,1
DA:87,1
LF:36
LH:36
BRDA:44,0,0,1
BRDA:44,0,1,1
BRDA:52,1,0,1
BRDA:52,1,1,1
BRDA:60,2,0,1
BRDA:60,2,1,1
BRDA:68,3,0,1
BRDA:68,3,1,1
BRDA:76,4,0,1
BRDA:76,4,1,1
BRDA:84,5,0,1
BRDA:84,5,1,1
BRF:12
BRH:12
end_of_record
TN:
SF:src\services\accounts.js
FN:5,(anonymous_0)
FN:10,(anonymous_1)
FN:31,(anonymous_2)
FN:56,(anonymous_3)
FN:85,(anonymous_4)
FN:96,(anonymous_5)
FN:113,(anonymous_6)
FNF:7
FNH:7
FNDA:13,(anonymous_0)
FNDA:2,(anonymous_1)
FNDA:3,(anonymous_2)
FNDA:5,(anonymous_3)
FNDA:2,(anonymous_4)
FNDA:3,(anonymous_5)
FNDA:3,(anonymous_6)
DA:6,13
DA:11,2
DA:12,2
DA:14,2
DA:23,1
DA:25,1
DA:26,1
DA:32,3
DA:33,3
DA:35,3
DA:39,3
DA:40,2
DA:43,1
DA:48,1
DA:50,2
DA:51,2
DA:57,5
DA:58,5
DA:60,5
DA:64,5
DA:65,2
DA:68,3
DA:69,2
DA:72,1
DA:77,1
DA:79,4
DA:80,4
DA:86,2
DA:87,2
DA:88,1
DA:90,1
DA:91,1
DA:97,3
DA:98,3
DA:102,3
DA:103,2
DA:105,1
DA:107,2
DA:108,2
DA:114,3
DA:115,3
DA:118,3
DA:119,2
DA:122,1
DA:125,1
DA:127,2
DA:128,2
LF:47
LH:47
BRDA:39,0,0,2
BRDA:39,0,1,1
BRDA:64,1,0,2
BRDA:64,1,1,3
BRDA:68,2,0,2
BRDA:68,2,1,1
BRDA:102,3,0,2
BRDA:102,3,1,1
BRDA:118,4,0,2
BRDA:118,4,1,1
BRF:10
BRH:10
end_of_record
TN:
SF:src\services\auth.js
FN:7,(anonymous_0)
FN:12,(anonymous_1)
FN:38,(anonymous_2)
FNF:3
FNH:3
FNDA:5,(anonymous_0)
FNDA:5,(anonymous_1)
FNDA:2,(anonymous_2)
DA:8,5
DA:13,5
DA:14,5
DA:16,5
DA:20,5
DA:21,4
DA:24,1
DA:30,1
DA:32,4
DA:33,4
DA:39,2
DA:41,2
DA:43,2
DA:45,2
DA:63,1
DA:65,1
DA:66,1
LF:17
LH:17
BRDA:20,0,0,4
BRDA:20,0,1,1
BRDA:20,1,0,5
BRDA:20,1,1,3
BRF:4
BRH:4
end_of_record
TN:
SF:src\services\transactions.js
FN:5,(anonymous_0)
FN:10,(anonymous_1)
FN:31,(anonymous_2)
FN:61,(anonymous_3)
FN:72,(anonymous_4)
FNF:5
FNH:5
FNDA:7,(anonymous_0)
FNDA:4,(anonymous_1)
FNDA:1,(anonymous_2)
FNDA:2,(anonymous_3)
FNDA:3,(anonymous_4)
DA:6,7
DA:11,4
DA:12,4
DA:14,4
DA:17,4
DA:22,4
DA:23,2
DA:27,2
DA:28,1
DA:31,1
DA:32,1
DA:40,1
DA:45,1
DA:50,1
DA:53,1
DA:55,3
DA:56,3
DA:62,2
DA:63,2
DA:64,1
DA:66,1
DA:67,1
DA:73,3
DA:74,3
DA:81,3
DA:82,2
DA:84,1
DA:86,2
DA:87,2
LF:29
LH:29
BRDA:22,0,0,2
BRDA:22,0,1,2
BRDA:22,1,0,4
BRDA:22,1,1,2
BRDA:27,2,0,1
BRDA:27,2,1,1
BRDA:81,3,0,2
BRDA:81,3,1,1
BRF:8
BRH:8
end_of_record
TN:
SF:src\services\users.js
FN:5,(anonymous_0)
FN:10,(anonymous_1)
FN:25,(anonymous_2)
FN:46,(anonymous_3)
FN:82,(anonymous_4)
FNF:5
FNH:5
FNDA:8,(anonymous_0)
FNDA:2,(anonymous_1)
FNDA:2,(anonymous_2)
FNDA:2,(anonymous_3)
FNDA:2,(anonymous_4)
DA:6,8
DA:11,2
DA:12,2
DA:17,1
DA:19,1
DA:20,1
DA:26,2
DA:27,2
DA:34,2
DA:35,1
DA:38,1
DA:40,1
DA:41,1
DA:47,2
DA:48,2
DA:50,2
DA:54,2
DA:55,1
DA:58,1
DA:74,1
DA:76,1
DA:77,1
DA:83,2
DA:84,2
DA:88,2
DA:89,1
DA:92,1
DA:96,1
DA:98,1
DA:99,1
LF:30
LH:30
BRDA:34,0,0,1
BRDA:34,0,1,1
BRDA:54,1,0,1
BRDA:54,1,1,1
BRDA:88,2,0,1
BRDA:88,2,1,1
BRF:6
BRH:6
end_of_record
TN:
SF:src\utils\AppError.js
FN:2,(anonymous_0)
FNF:1
FNH:1
FNDA:24,(anonymous_0)
DA:3,24
DA:4,24
LF:2
LH:2
BRF:0
BRH:0
end_of_record
